d:\rusl\sem 2\ict1306 - object oriented programming\miniproject\sturegsystemproject\sturegsystemproject\debug\vc142.pdb
d:\rusl\sem 2\ict1306 - object oriented programming\miniproject\sturegsystemproject\sturegsystemproject\debug\.netframework,version=v4.7.2.assemblyattributes.obj
d:\rusl\sem 2\ict1306 - object oriented programming\miniproject\sturegsystemproject\sturegsystemproject\debug\myform9.obj
d:\rusl\sem 2\ict1306 - object oriented programming\miniproject\sturegsystemproject\sturegsystemproject\debug\myform8.obj
d:\rusl\sem 2\ict1306 - object oriented programming\miniproject\sturegsystemproject\sturegsystemproject\debug\myform7.obj
d:\rusl\sem 2\ict1306 - object oriented programming\miniproject\sturegsystemproject\sturegsystemproject\debug\myform6.obj
d:\rusl\sem 2\ict1306 - object oriented programming\miniproject\sturegsystemproject\sturegsystemproject\debug\myform5.obj
d:\rusl\sem 2\ict1306 - object oriented programming\miniproject\sturegsystemproject\sturegsystemproject\debug\myform4.obj
d:\rusl\sem 2\ict1306 - object oriented programming\miniproject\sturegsystemproject\sturegsystemproject\debug\myform3.obj
d:\rusl\sem 2\ict1306 - object oriented programming\miniproject\sturegsystemproject\sturegsystemproject\debug\myform2.obj
d:\rusl\sem 2\ict1306 - object oriented programming\miniproject\sturegsystemproject\sturegsystemproject\debug\myform1.obj
d:\rusl\sem 2\ict1306 - object oriented programming\miniproject\sturegsystemproject\sturegsystemproject\debug\myform.obj
d:\rusl\sem 2\ict1306 - object oriented programming\miniproject\sturegsystemproject\sturegsystemproject\debug\sturegsystemproject.myform.resources
d:\rusl\sem 2\ict1306 - object oriented programming\miniproject\sturegsystemproject\sturegsystemproject\debug\sturegsystemproject.myform1.resources
d:\rusl\sem 2\ict1306 - object oriented programming\miniproject\sturegsystemproject\sturegsystemproject\debug\sturegsystemproject.myform2.resources
d:\rusl\sem 2\ict1306 - object oriented programming\miniproject\sturegsystemproject\sturegsystemproject\debug\sturegsystemproject.myform3.resources
d:\rusl\sem 2\ict1306 - object oriented programming\miniproject\sturegsystemproject\sturegsystemproject\debug\sturegsystemproject.myform4.resources
d:\rusl\sem 2\ict1306 - object oriented programming\miniproject\sturegsystemproject\sturegsystemproject\debug\sturegsystemproject.myform5.resources
d:\rusl\sem 2\ict1306 - object oriented programming\miniproject\sturegsystemproject\sturegsystemproject\debug\sturegsystemproject.myform6.resources
d:\rusl\sem 2\ict1306 - object oriented programming\miniproject\sturegsystemproject\sturegsystemproject\debug\sturegsystemproject.myform7.resources
d:\rusl\sem 2\ict1306 - object oriented programming\miniproject\sturegsystemproject\sturegsystemproject\debug\sturegsystemproject.myform8.resources
d:\rusl\sem 2\ict1306 - object oriented programming\miniproject\sturegsystemproject\sturegsystemproject\debug\sturegsystemproject.myform9.resources
d:\rusl\sem 2\ict1306 - object oriented programming\miniproject\sturegsystemproject\sturegsystemproject\debug\sturegsystemproject.vcxproj.generateresource.cache
d:\rusl\sem 2\ict1306 - object oriented programming\miniproject\sturegsystemproject\debug\sturegsystemproject.pdb
d:\rusl\sem 2\ict1306 - object oriented programming\miniproject\sturegsystemproject\sturegsystemproject\debug\sturegsy.5dfc2fc6.tlog\cl.command.1.tlog
d:\rusl\sem 2\ict1306 - object oriented programming\miniproject\sturegsystemproject\sturegsystemproject\debug\sturegsy.5dfc2fc6.tlog\cl.read.1.tlog
d:\rusl\sem 2\ict1306 - object oriented programming\miniproject\sturegsystemproject\sturegsystemproject\debug\sturegsy.5dfc2fc6.tlog\cl.write.1.tlog
d:\rusl\sem 2\ict1306 - object oriented programming\miniproject\sturegsystemproject\sturegsystemproject\debug\sturegsy.5dfc2fc6.tlog\link.19348-cvtres.read.1.tlog
d:\rusl\sem 2\ict1306 - object oriented programming\miniproject\sturegsystemproject\sturegsystemproject\debug\sturegsy.5dfc2fc6.tlog\link.19348-cvtres.write.1.tlog
d:\rusl\sem 2\ict1306 - object oriented programming\miniproject\sturegsystemproject\sturegsystemproject\debug\sturegsy.5dfc2fc6.tlog\link.19348-rc.read.1.tlog
d:\rusl\sem 2\ict1306 - object oriented programming\miniproject\sturegsystemproject\sturegsystemproject\debug\sturegsy.5dfc2fc6.tlog\link.19348-rc.write.1.tlog
d:\rusl\sem 2\ict1306 - object oriented programming\miniproject\sturegsystemproject\sturegsystemproject\debug\sturegsy.5dfc2fc6.tlog\link.19348.read.1.tlog
d:\rusl\sem 2\ict1306 - object oriented programming\miniproject\sturegsystemproject\sturegsystemproject\debug\sturegsy.5dfc2fc6.tlog\link.19348.write.1.tlog
d:\rusl\sem 2\ict1306 - object oriented programming\miniproject\sturegsystemproject\sturegsystemproject\debug\sturegsy.5dfc2fc6.tlog\link.command.1.tlog
d:\rusl\sem 2\ict1306 - object oriented programming\miniproject\sturegsystemproject\sturegsystemproject\debug\sturegsy.5dfc2fc6.tlog\link.read.1.tlog
d:\rusl\sem 2\ict1306 - object oriented programming\miniproject\sturegsystemproject\sturegsystemproject\debug\sturegsy.5dfc2fc6.tlog\link.write.1.tlog
d:\rusl\sem 2\ict1306 - object oriented programming\miniproject\sturegsystemproject\sturegsystemproject\debug\sturegsy.5dfc2fc6.tlog\metagen.read.1.tlog
d:\rusl\sem 2\ict1306 - object oriented programming\miniproject\sturegsystemproject\sturegsystemproject\debug\sturegsy.5dfc2fc6.tlog\metagen.write.1.tlog
d:\rusl\sem 2\ict1306 - object oriented programming\miniproject\sturegsystemproject\sturegsystemproject\debug\sturegsy.5dfc2fc6.tlog\sturegsystemproject.write.1u.tlog
